2025-04-24 20:07:38,010 - INFO - BEGIN (implicit)
2025-04-24 20:07:38,010 - INFO - PRAGMA main.table_info("users")
2025-04-24 20:07:38,010 - INFO - [raw sql] ()
2025-04-24 20:07:38,012 - INFO - COMMIT
2025-04-24 20:07:38,218 - INFO - Start polling
2025-04-24 20:07:38,283 - INFO - Run polling for bot @fAInance_bot id=7956303101 - 'fAInance'
2025-04-24 20:08:24,083 - INFO - Update id=641929844 is not handled. Duration 0 ms by bot id=7956303101
2025-04-24 20:08:26,466 - INFO - Update id=641929845 is handled. Duration 233 ms by bot id=7956303101
2025-04-24 20:08:33,624 - WARNING - CropBox missing from /Page, defaulting to MediaBox
2025-04-24 20:08:33,626 - WARNING - CropBox missing from /Page, defaulting to MediaBox
2025-04-24 20:08:33,626 - WARNING - CropBox missing from /Page, defaulting to MediaBox
2025-04-24 20:08:33,626 - WARNING - CropBox missing from /Page, defaulting to MediaBox
2025-04-24 20:08:33,626 - WARNING - CropBox missing from /Page, defaulting to MediaBox
2025-04-24 20:08:33,626 - WARNING - CropBox missing from /Page, defaulting to MediaBox
2025-04-24 20:08:33,780 - WARNING - CropBox missing from /Page, defaulting to MediaBox
2025-04-24 20:08:33,780 - WARNING - CropBox missing from /Page, defaulting to MediaBox
2025-04-24 20:08:33,781 - WARNING - CropBox missing from /Page, defaulting to MediaBox
2025-04-24 20:08:33,781 - WARNING - CropBox missing from /Page, defaulting to MediaBox
2025-04-24 20:08:33,781 - WARNING - CropBox missing from /Page, defaulting to MediaBox
2025-04-24 20:08:33,781 - WARNING - CropBox missing from /Page, defaulting to MediaBox
2025-04-24 20:08:34,276 - WARNING - CropBox missing from /Page, defaulting to MediaBox
2025-04-24 20:08:34,276 - WARNING - CropBox missing from /Page, defaulting to MediaBox
2025-04-24 20:08:34,276 - WARNING - CropBox missing from /Page, defaulting to MediaBox
2025-04-24 20:08:34,276 - WARNING - CropBox missing from /Page, defaulting to MediaBox
2025-04-24 20:08:34,276 - WARNING - CropBox missing from /Page, defaulting to MediaBox
2025-04-24 20:08:34,276 - WARNING - CropBox missing from /Page, defaulting to MediaBox
2025-04-24 20:08:34,276 - WARNING - CropBox missing from /Page, defaulting to MediaBox
2025-04-24 20:08:34,276 - WARNING - CropBox missing from /Page, defaulting to MediaBox
2025-04-24 20:08:34,276 - WARNING - CropBox missing from /Page, defaulting to MediaBox
2025-04-24 20:08:34,276 - WARNING - CropBox missing from /Page, defaulting to MediaBox
2025-04-24 20:08:34,276 - WARNING - CropBox missing from /Page, defaulting to MediaBox
2025-04-24 20:08:34,276 - WARNING - CropBox missing from /Page, defaulting to MediaBox
2025-04-24 20:08:34,492 - INFO - BEGIN (implicit)
2025-04-24 20:08:34,494 - INFO - SELECT users.id, users.telegram_id, users.created_at, users.salary 
FROM users 
WHERE users.telegram_id = ?
2025-04-24 20:08:34,494 - INFO - [generated in 0.00019s] ('1470579671',)
2025-04-24 20:08:34,495 - INFO - ROLLBACK
2025-04-24 20:08:34,581 - INFO - Update id=641929846 is handled. Duration 1733 ms by bot id=7956303101
2025-04-24 20:10:54,925 - INFO - BEGIN (implicit)
2025-04-24 20:10:54,926 - INFO - PRAGMA main.table_info("users")
2025-04-24 20:10:54,926 - INFO - [raw sql] ()
2025-04-24 20:10:54,927 - INFO - COMMIT
2025-04-24 20:10:55,117 - INFO - Start polling
2025-04-24 20:10:55,180 - INFO - Run polling for bot @fAInance_bot id=7956303101 - 'fAInance'
2025-04-24 20:11:04,423 - WARNING - CropBox missing from /Page, defaulting to MediaBox
2025-04-24 20:11:04,423 - WARNING - CropBox missing from /Page, defaulting to MediaBox
2025-04-24 20:11:04,423 - WARNING - CropBox missing from /Page, defaulting to MediaBox
2025-04-24 20:11:04,423 - WARNING - CropBox missing from /Page, defaulting to MediaBox
2025-04-24 20:11:04,423 - WARNING - CropBox missing from /Page, defaulting to MediaBox
2025-04-24 20:11:04,423 - WARNING - CropBox missing from /Page, defaulting to MediaBox
2025-04-24 20:11:04,599 - WARNING - CropBox missing from /Page, defaulting to MediaBox
2025-04-24 20:11:04,599 - WARNING - CropBox missing from /Page, defaulting to MediaBox
2025-04-24 20:11:04,599 - WARNING - CropBox missing from /Page, defaulting to MediaBox
2025-04-24 20:11:04,599 - WARNING - CropBox missing from /Page, defaulting to MediaBox
2025-04-24 20:11:04,599 - WARNING - CropBox missing from /Page, defaulting to MediaBox
2025-04-24 20:11:04,599 - WARNING - CropBox missing from /Page, defaulting to MediaBox
2025-04-24 20:11:05,179 - WARNING - CropBox missing from /Page, defaulting to MediaBox
2025-04-24 20:11:05,179 - WARNING - CropBox missing from /Page, defaulting to MediaBox
2025-04-24 20:11:05,179 - WARNING - CropBox missing from /Page, defaulting to MediaBox
2025-04-24 20:11:05,180 - WARNING - CropBox missing from /Page, defaulting to MediaBox
2025-04-24 20:11:05,180 - WARNING - CropBox missing from /Page, defaulting to MediaBox
2025-04-24 20:11:05,180 - WARNING - CropBox missing from /Page, defaulting to MediaBox
2025-04-24 20:11:05,180 - WARNING - CropBox missing from /Page, defaulting to MediaBox
2025-04-24 20:11:05,180 - WARNING - CropBox missing from /Page, defaulting to MediaBox
2025-04-24 20:11:05,180 - WARNING - CropBox missing from /Page, defaulting to MediaBox
2025-04-24 20:11:05,180 - WARNING - CropBox missing from /Page, defaulting to MediaBox
2025-04-24 20:11:05,180 - WARNING - CropBox missing from /Page, defaulting to MediaBox
2025-04-24 20:11:05,180 - WARNING - CropBox missing from /Page, defaulting to MediaBox
2025-04-24 20:11:05,452 - INFO - BEGIN (implicit)
2025-04-24 20:11:05,453 - INFO - SELECT users.id, users.telegram_id, users.created_at, users.salary 
FROM users 
WHERE users.telegram_id = ?
2025-04-24 20:11:05,454 - INFO - [generated in 0.00019s] ('1470579671',)
2025-04-24 20:11:05,455 - INFO - ROLLBACK
2025-04-24 20:11:05,550 - INFO - Update id=641929847 is handled. Duration 2702 ms by bot id=7956303101
2025-04-24 20:14:29,317 - INFO - BEGIN (implicit)
2025-04-24 20:14:29,317 - INFO - PRAGMA main.table_info("users")
2025-04-24 20:14:29,317 - INFO - [raw sql] ()
2025-04-24 20:14:29,318 - INFO - COMMIT
2025-04-24 20:14:29,525 - INFO - Start polling
2025-04-24 20:14:29,591 - INFO - Run polling for bot @fAInance_bot id=7956303101 - 'fAInance'
2025-04-24 20:14:36,013 - WARNING - CropBox missing from /Page, defaulting to MediaBox
2025-04-24 20:14:36,013 - WARNING - CropBox missing from /Page, defaulting to MediaBox
2025-04-24 20:14:36,013 - WARNING - CropBox missing from /Page, defaulting to MediaBox
2025-04-24 20:14:36,013 - WARNING - CropBox missing from /Page, defaulting to MediaBox
2025-04-24 20:14:36,013 - WARNING - CropBox missing from /Page, defaulting to MediaBox
2025-04-24 20:14:36,013 - WARNING - CropBox missing from /Page, defaulting to MediaBox
2025-04-24 20:14:36,177 - WARNING - CropBox missing from /Page, defaulting to MediaBox
2025-04-24 20:14:36,177 - WARNING - CropBox missing from /Page, defaulting to MediaBox
2025-04-24 20:14:36,177 - WARNING - CropBox missing from /Page, defaulting to MediaBox
2025-04-24 20:14:36,177 - WARNING - CropBox missing from /Page, defaulting to MediaBox
2025-04-24 20:14:36,177 - WARNING - CropBox missing from /Page, defaulting to MediaBox
2025-04-24 20:14:36,177 - WARNING - CropBox missing from /Page, defaulting to MediaBox
2025-04-24 20:14:36,719 - WARNING - CropBox missing from /Page, defaulting to MediaBox
2025-04-24 20:14:36,720 - WARNING - CropBox missing from /Page, defaulting to MediaBox
2025-04-24 20:14:36,720 - WARNING - CropBox missing from /Page, defaulting to MediaBox
2025-04-24 20:14:36,720 - WARNING - CropBox missing from /Page, defaulting to MediaBox
2025-04-24 20:14:36,720 - WARNING - CropBox missing from /Page, defaulting to MediaBox
2025-04-24 20:14:36,720 - WARNING - CropBox missing from /Page, defaulting to MediaBox
2025-04-24 20:14:36,720 - WARNING - CropBox missing from /Page, defaulting to MediaBox
2025-04-24 20:14:36,720 - WARNING - CropBox missing from /Page, defaulting to MediaBox
2025-04-24 20:14:36,720 - WARNING - CropBox missing from /Page, defaulting to MediaBox
2025-04-24 20:14:36,720 - WARNING - CropBox missing from /Page, defaulting to MediaBox
2025-04-24 20:14:36,720 - WARNING - CropBox missing from /Page, defaulting to MediaBox
2025-04-24 20:14:36,720 - WARNING - CropBox missing from /Page, defaulting to MediaBox
2025-04-24 20:14:36,866 - INFO - Сводный датафрейм с тратами по всем категориям сохранён \u2705
2025-04-24 20:14:37,095 - INFO - BEGIN (implicit)
2025-04-24 20:14:37,097 - INFO - SELECT users.id, users.telegram_id, users.created_at, users.salary 
FROM users 
WHERE users.telegram_id = ?
2025-04-24 20:14:37,097 - INFO - [generated in 0.00026s] ('1470579671',)
2025-04-24 20:14:37,097 - INFO - ROLLBACK
2025-04-24 20:14:37,276 - INFO - Update id=641929848 is handled. Duration 2063 ms by bot id=7956303101
2025-04-24 20:19:07,679 - INFO - BEGIN (implicit)
2025-04-24 20:19:07,680 - INFO - PRAGMA main.table_info("users")
2025-04-24 20:19:07,680 - INFO - [raw sql] ()
2025-04-24 20:19:07,681 - INFO - COMMIT
2025-04-24 20:19:07,888 - INFO - Start polling
2025-04-24 20:19:07,955 - INFO - Run polling for bot @fAInance_bot id=7956303101 - 'fAInance'
2025-04-24 20:19:14,576 - WARNING - CropBox missing from /Page, defaulting to MediaBox
2025-04-24 20:19:14,577 - WARNING - CropBox missing from /Page, defaulting to MediaBox
2025-04-24 20:19:14,577 - WARNING - CropBox missing from /Page, defaulting to MediaBox
2025-04-24 20:19:14,577 - WARNING - CropBox missing from /Page, defaulting to MediaBox
2025-04-24 20:19:14,577 - WARNING - CropBox missing from /Page, defaulting to MediaBox
2025-04-24 20:19:14,577 - WARNING - CropBox missing from /Page, defaulting to MediaBox
2025-04-24 20:19:14,735 - WARNING - CropBox missing from /Page, defaulting to MediaBox
2025-04-24 20:19:14,735 - WARNING - CropBox missing from /Page, defaulting to MediaBox
2025-04-24 20:19:14,735 - WARNING - CropBox missing from /Page, defaulting to MediaBox
2025-04-24 20:19:14,735 - WARNING - CropBox missing from /Page, defaulting to MediaBox
2025-04-24 20:19:14,735 - WARNING - CropBox missing from /Page, defaulting to MediaBox
2025-04-24 20:19:14,735 - WARNING - CropBox missing from /Page, defaulting to MediaBox
2025-04-24 20:19:15,259 - WARNING - CropBox missing from /Page, defaulting to MediaBox
2025-04-24 20:19:15,259 - WARNING - CropBox missing from /Page, defaulting to MediaBox
2025-04-24 20:19:15,259 - WARNING - CropBox missing from /Page, defaulting to MediaBox
2025-04-24 20:19:15,259 - WARNING - CropBox missing from /Page, defaulting to MediaBox
2025-04-24 20:19:15,259 - WARNING - CropBox missing from /Page, defaulting to MediaBox
2025-04-24 20:19:15,259 - WARNING - CropBox missing from /Page, defaulting to MediaBox
2025-04-24 20:19:15,259 - WARNING - CropBox missing from /Page, defaulting to MediaBox
2025-04-24 20:19:15,259 - WARNING - CropBox missing from /Page, defaulting to MediaBox
2025-04-24 20:19:15,259 - WARNING - CropBox missing from /Page, defaulting to MediaBox
2025-04-24 20:19:15,259 - WARNING - CropBox missing from /Page, defaulting to MediaBox
2025-04-24 20:19:15,259 - WARNING - CropBox missing from /Page, defaulting to MediaBox
2025-04-24 20:19:15,259 - WARNING - CropBox missing from /Page, defaulting to MediaBox
2025-04-24 20:19:15,372 - ERROR - Ошибка при сохранении общего входного датафрейма: [Errno 13] Permission denied: 'boosting_input_all_categories.xlsx'
2025-04-24 20:19:15,408 - INFO - BEGIN (implicit)
2025-04-24 20:19:15,409 - INFO - SELECT users.id, users.telegram_id, users.created_at, users.salary 
FROM users 
WHERE users.telegram_id = ?
2025-04-24 20:19:15,409 - INFO - [generated in 0.00020s] ('1470579671',)
2025-04-24 20:19:15,410 - INFO - ROLLBACK
2025-04-24 20:19:15,518 - INFO - Update id=641929849 is handled. Duration 1688 ms by bot id=7956303101
2025-04-24 20:19:22,666 - WARNING - CropBox missing from /Page, defaulting to MediaBox
2025-04-24 20:19:22,666 - WARNING - CropBox missing from /Page, defaulting to MediaBox
2025-04-24 20:19:22,667 - WARNING - CropBox missing from /Page, defaulting to MediaBox
2025-04-24 20:19:22,667 - WARNING - CropBox missing from /Page, defaulting to MediaBox
2025-04-24 20:19:22,667 - WARNING - CropBox missing from /Page, defaulting to MediaBox
2025-04-24 20:19:22,667 - WARNING - CropBox missing from /Page, defaulting to MediaBox
2025-04-24 20:19:22,668 - WARNING - CropBox missing from /Page, defaulting to MediaBox
2025-04-24 20:19:22,668 - WARNING - CropBox missing from /Page, defaulting to MediaBox
2025-04-24 20:19:22,668 - WARNING - CropBox missing from /Page, defaulting to MediaBox
2025-04-24 20:19:22,669 - WARNING - CropBox missing from /Page, defaulting to MediaBox
2025-04-24 20:19:22,669 - WARNING - CropBox missing from /Page, defaulting to MediaBox
2025-04-24 20:19:22,669 - WARNING - CropBox missing from /Page, defaulting to MediaBox
2025-04-24 20:19:22,670 - WARNING - CropBox missing from /Page, defaulting to MediaBox
2025-04-24 20:19:22,670 - WARNING - CropBox missing from /Page, defaulting to MediaBox
2025-04-24 20:19:22,670 - WARNING - CropBox missing from /Page, defaulting to MediaBox
2025-04-24 20:19:22,670 - WARNING - CropBox missing from /Page, defaulting to MediaBox
2025-04-24 20:19:22,671 - WARNING - CropBox missing from /Page, defaulting to MediaBox
2025-04-24 20:19:22,671 - WARNING - CropBox missing from /Page, defaulting to MediaBox
2025-04-24 20:19:22,671 - WARNING - CropBox missing from /Page, defaulting to MediaBox
2025-04-24 20:19:22,671 - WARNING - CropBox missing from /Page, defaulting to MediaBox
2025-04-24 20:19:22,671 - WARNING - CropBox missing from /Page, defaulting to MediaBox
2025-04-24 20:19:22,720 - WARNING - CropBox missing from /Page, defaulting to MediaBox
2025-04-24 20:19:22,720 - WARNING - CropBox missing from /Page, defaulting to MediaBox
2025-04-24 20:19:22,720 - WARNING - CropBox missing from /Page, defaulting to MediaBox
2025-04-24 20:19:22,720 - WARNING - CropBox missing from /Page, defaulting to MediaBox
2025-04-24 20:19:22,721 - WARNING - CropBox missing from /Page, defaulting to MediaBox
2025-04-24 20:19:22,721 - WARNING - CropBox missing from /Page, defaulting to MediaBox
2025-04-24 20:19:22,721 - WARNING - CropBox missing from /Page, defaulting to MediaBox
2025-04-24 20:19:22,721 - WARNING - CropBox missing from /Page, defaulting to MediaBox
2025-04-24 20:19:22,722 - WARNING - CropBox missing from /Page, defaulting to MediaBox
2025-04-24 20:19:22,722 - WARNING - CropBox missing from /Page, defaulting to MediaBox
2025-04-24 20:19:22,722 - WARNING - CropBox missing from /Page, defaulting to MediaBox
2025-04-24 20:19:22,722 - WARNING - CropBox missing from /Page, defaulting to MediaBox
2025-04-24 20:19:22,723 - WARNING - CropBox missing from /Page, defaulting to MediaBox
2025-04-24 20:19:22,723 - WARNING - CropBox missing from /Page, defaulting to MediaBox
2025-04-24 20:19:22,723 - WARNING - CropBox missing from /Page, defaulting to MediaBox
2025-04-24 20:19:22,723 - WARNING - CropBox missing from /Page, defaulting to MediaBox
2025-04-24 20:19:22,724 - WARNING - CropBox missing from /Page, defaulting to MediaBox
2025-04-24 20:19:22,724 - WARNING - CropBox missing from /Page, defaulting to MediaBox
2025-04-24 20:19:22,724 - WARNING - CropBox missing from /Page, defaulting to MediaBox
2025-04-24 20:19:22,724 - WARNING - CropBox missing from /Page, defaulting to MediaBox
2025-04-24 20:19:22,724 - WARNING - CropBox missing from /Page, defaulting to MediaBox
2025-04-24 20:19:24,533 - WARNING - CropBox missing from /Page, defaulting to MediaBox
2025-04-24 20:19:24,533 - WARNING - CropBox missing from /Page, defaulting to MediaBox
2025-04-24 20:19:24,534 - WARNING - CropBox missing from /Page, defaulting to MediaBox
2025-04-24 20:19:24,534 - WARNING - CropBox missing from /Page, defaulting to MediaBox
2025-04-24 20:19:24,534 - WARNING - CropBox missing from /Page, defaulting to MediaBox
2025-04-24 20:19:24,534 - WARNING - CropBox missing from /Page, defaulting to MediaBox
2025-04-24 20:19:24,534 - WARNING - CropBox missing from /Page, defaulting to MediaBox
2025-04-24 20:19:24,534 - WARNING - CropBox missing from /Page, defaulting to MediaBox
2025-04-24 20:19:24,534 - WARNING - CropBox missing from /Page, defaulting to MediaBox
2025-04-24 20:19:24,534 - WARNING - CropBox missing from /Page, defaulting to MediaBox
2025-04-24 20:19:24,534 - WARNING - CropBox missing from /Page, defaulting to MediaBox
2025-04-24 20:19:24,534 - WARNING - CropBox missing from /Page, defaulting to MediaBox
2025-04-24 20:19:24,534 - WARNING - CropBox missing from /Page, defaulting to MediaBox
2025-04-24 20:19:24,534 - WARNING - CropBox missing from /Page, defaulting to MediaBox
2025-04-24 20:19:24,534 - WARNING - CropBox missing from /Page, defaulting to MediaBox
2025-04-24 20:19:24,534 - WARNING - CropBox missing from /Page, defaulting to MediaBox
2025-04-24 20:19:24,534 - WARNING - CropBox missing from /Page, defaulting to MediaBox
2025-04-24 20:19:24,534 - WARNING - CropBox missing from /Page, defaulting to MediaBox
2025-04-24 20:19:24,534 - WARNING - CropBox missing from /Page, defaulting to MediaBox
2025-04-24 20:19:24,534 - WARNING - CropBox missing from /Page, defaulting to MediaBox
2025-04-24 20:19:24,534 - WARNING - CropBox missing from /Page, defaulting to MediaBox
2025-04-24 20:19:24,534 - WARNING - CropBox missing from /Page, defaulting to MediaBox
2025-04-24 20:19:24,534 - WARNING - CropBox missing from /Page, defaulting to MediaBox
2025-04-24 20:19:24,534 - WARNING - CropBox missing from /Page, defaulting to MediaBox
2025-04-24 20:19:24,534 - WARNING - CropBox missing from /Page, defaulting to MediaBox
2025-04-24 20:19:24,534 - WARNING - CropBox missing from /Page, defaulting to MediaBox
2025-04-24 20:19:24,534 - WARNING - CropBox missing from /Page, defaulting to MediaBox
2025-04-24 20:19:24,534 - WARNING - CropBox missing from /Page, defaulting to MediaBox
2025-04-24 20:19:24,534 - WARNING - CropBox missing from /Page, defaulting to MediaBox
2025-04-24 20:19:24,534 - WARNING - CropBox missing from /Page, defaulting to MediaBox
2025-04-24 20:19:24,534 - WARNING - CropBox missing from /Page, defaulting to MediaBox
2025-04-24 20:19:24,534 - WARNING - CropBox missing from /Page, defaulting to MediaBox
2025-04-24 20:19:24,534 - WARNING - CropBox missing from /Page, defaulting to MediaBox
2025-04-24 20:19:24,534 - WARNING - CropBox missing from /Page, defaulting to MediaBox
2025-04-24 20:19:24,534 - WARNING - CropBox missing from /Page, defaulting to MediaBox
2025-04-24 20:19:24,534 - WARNING - CropBox missing from /Page, defaulting to MediaBox
2025-04-24 20:19:24,534 - WARNING - CropBox missing from /Page, defaulting to MediaBox
2025-04-24 20:19:24,534 - WARNING - CropBox missing from /Page, defaulting to MediaBox
2025-04-24 20:19:24,534 - WARNING - CropBox missing from /Page, defaulting to MediaBox
2025-04-24 20:19:24,534 - WARNING - CropBox missing from /Page, defaulting to MediaBox
2025-04-24 20:19:24,534 - WARNING - CropBox missing from /Page, defaulting to MediaBox
2025-04-24 20:19:24,534 - WARNING - CropBox missing from /Page, defaulting to MediaBox
2025-04-24 20:19:24,540 - ERROR - Ошибка при сохранении общего входного датафрейма: [Errno 13] Permission denied: 'boosting_input_all_categories.xlsx'
2025-04-24 20:19:24,687 - INFO - BEGIN (implicit)
2025-04-24 20:19:24,687 - INFO - SELECT users.id, users.telegram_id, users.created_at, users.salary 
FROM users 
WHERE users.telegram_id = ?
2025-04-24 20:19:24,687 - INFO - [cached since 9.278s ago] ('1470579671',)
2025-04-24 20:19:24,688 - INFO - ROLLBACK
2025-04-24 20:19:24,814 - INFO - Update id=641929850 is handled. Duration 2875 ms by bot id=7956303101
2025-04-24 20:19:57,123 - WARNING - CropBox missing from /Page, defaulting to MediaBox
2025-04-24 20:19:57,123 - WARNING - CropBox missing from /Page, defaulting to MediaBox
2025-04-24 20:19:57,123 - WARNING - CropBox missing from /Page, defaulting to MediaBox
2025-04-24 20:19:57,123 - WARNING - CropBox missing from /Page, defaulting to MediaBox
2025-04-24 20:19:57,123 - WARNING - CropBox missing from /Page, defaulting to MediaBox
2025-04-24 20:19:57,123 - WARNING - CropBox missing from /Page, defaulting to MediaBox
2025-04-24 20:19:57,278 - WARNING - CropBox missing from /Page, defaulting to MediaBox
2025-04-24 20:19:57,279 - WARNING - CropBox missing from /Page, defaulting to MediaBox
2025-04-24 20:19:57,279 - WARNING - CropBox missing from /Page, defaulting to MediaBox
2025-04-24 20:19:57,279 - WARNING - CropBox missing from /Page, defaulting to MediaBox
2025-04-24 20:19:57,279 - WARNING - CropBox missing from /Page, defaulting to MediaBox
2025-04-24 20:19:57,279 - WARNING - CropBox missing from /Page, defaulting to MediaBox
2025-04-24 20:19:57,829 - WARNING - CropBox missing from /Page, defaulting to MediaBox
2025-04-24 20:19:57,829 - WARNING - CropBox missing from /Page, defaulting to MediaBox
2025-04-24 20:19:57,829 - WARNING - CropBox missing from /Page, defaulting to MediaBox
2025-04-24 20:19:57,829 - WARNING - CropBox missing from /Page, defaulting to MediaBox
2025-04-24 20:19:57,829 - WARNING - CropBox missing from /Page, defaulting to MediaBox
2025-04-24 20:19:57,829 - WARNING - CropBox missing from /Page, defaulting to MediaBox
2025-04-24 20:19:57,829 - WARNING - CropBox missing from /Page, defaulting to MediaBox
2025-04-24 20:19:57,829 - WARNING - CropBox missing from /Page, defaulting to MediaBox
2025-04-24 20:19:57,829 - WARNING - CropBox missing from /Page, defaulting to MediaBox
2025-04-24 20:19:57,829 - WARNING - CropBox missing from /Page, defaulting to MediaBox
2025-04-24 20:19:57,829 - WARNING - CropBox missing from /Page, defaulting to MediaBox
2025-04-24 20:19:57,829 - WARNING - CropBox missing from /Page, defaulting to MediaBox
2025-04-24 20:19:57,845 - INFO - Сводный датафрейм (как в dasda.xlsx) сохранён \u2705
2025-04-24 20:19:57,877 - INFO - BEGIN (implicit)
2025-04-24 20:19:57,877 - INFO - SELECT users.id, users.telegram_id, users.created_at, users.salary 
FROM users 
WHERE users.telegram_id = ?
2025-04-24 20:19:57,878 - INFO - [cached since 42.47s ago] ('1470579671',)
2025-04-24 20:19:57,878 - INFO - ROLLBACK
2025-04-24 20:19:57,970 - INFO - Update id=641929851 is handled. Duration 1438 ms by bot id=7956303101
2025-04-24 20:21:43,248 - WARNING - CropBox missing from /Page, defaulting to MediaBox
2025-04-24 20:21:43,248 - WARNING - CropBox missing from /Page, defaulting to MediaBox
2025-04-24 20:21:43,248 - WARNING - CropBox missing from /Page, defaulting to MediaBox
2025-04-24 20:21:43,248 - WARNING - CropBox missing from /Page, defaulting to MediaBox
2025-04-24 20:21:43,248 - WARNING - CropBox missing from /Page, defaulting to MediaBox
2025-04-24 20:21:43,248 - WARNING - CropBox missing from /Page, defaulting to MediaBox
2025-04-24 20:21:43,409 - WARNING - CropBox missing from /Page, defaulting to MediaBox
2025-04-24 20:21:43,409 - WARNING - CropBox missing from /Page, defaulting to MediaBox
2025-04-24 20:21:43,409 - WARNING - CropBox missing from /Page, defaulting to MediaBox
2025-04-24 20:21:43,409 - WARNING - CropBox missing from /Page, defaulting to MediaBox
2025-04-24 20:21:43,409 - WARNING - CropBox missing from /Page, defaulting to MediaBox
2025-04-24 20:21:43,409 - WARNING - CropBox missing from /Page, defaulting to MediaBox
2025-04-24 20:21:43,961 - WARNING - CropBox missing from /Page, defaulting to MediaBox
2025-04-24 20:21:43,961 - WARNING - CropBox missing from /Page, defaulting to MediaBox
2025-04-24 20:21:43,961 - WARNING - CropBox missing from /Page, defaulting to MediaBox
2025-04-24 20:21:43,961 - WARNING - CropBox missing from /Page, defaulting to MediaBox
2025-04-24 20:21:43,961 - WARNING - CropBox missing from /Page, defaulting to MediaBox
2025-04-24 20:21:43,961 - WARNING - CropBox missing from /Page, defaulting to MediaBox
2025-04-24 20:21:43,961 - WARNING - CropBox missing from /Page, defaulting to MediaBox
2025-04-24 20:21:43,961 - WARNING - CropBox missing from /Page, defaulting to MediaBox
2025-04-24 20:21:43,961 - WARNING - CropBox missing from /Page, defaulting to MediaBox
2025-04-24 20:21:43,961 - WARNING - CropBox missing from /Page, defaulting to MediaBox
2025-04-24 20:21:43,961 - WARNING - CropBox missing from /Page, defaulting to MediaBox
2025-04-24 20:21:43,961 - WARNING - CropBox missing from /Page, defaulting to MediaBox
2025-04-24 20:21:43,972 - INFO - Сводный датафрейм (как в dasda.xlsx) сохранён \u2705
2025-04-24 20:21:44,006 - INFO - BEGIN (implicit)
2025-04-24 20:21:44,006 - INFO - SELECT users.id, users.telegram_id, users.created_at, users.salary 
FROM users 
WHERE users.telegram_id = ?
2025-04-24 20:21:44,006 - INFO - [cached since 148.6s ago] ('1470579671',)
2025-04-24 20:21:44,007 - INFO - ROLLBACK
2025-04-24 20:21:44,145 - INFO - Update id=641929852 is handled. Duration 1500 ms by bot id=7956303101
